<?xml version="1.0" encoding="UTF-8"?>
<!-- Generated by org.testng.reporters.JUnitXMLReporter -->
<testsuite hostname="Raj" name="FunctionalTestSuite" tests="1" failures="1" timestamp="4 Dec 2018 10:22:09 GMT" time="5.693" errors="0">
  <testcase name="testing" time="5.389" classname="test.FbTest">
    <failure type="java.lang.NullPointerException">
      <![CDATA[java.lang.NullPointerException
	at Pages.FbHomePage.<init>(FbHomePage.java:15)
	at java.lang.Class.newInstance(Unknown Source)
	at org.openqa.selenium.support.PageFactory.instantiatePage(PageFactory.java:131)
	at org.openqa.selenium.support.PageFactory.initElements(PageFactory.java:64)
	at test.FbTest.testing(FbTest.java:22)
... Removed 28 stack frames]]>
    </failure>
  </testcase> <!-- testing -->
</testsuite> <!-- FunctionalTestSuite -->
